\BOOKMARK [0][-]{section*.6}{\376\377\000P\000r\000e\000f\000a\000c\000i\000o}{}% 1
\BOOKMARK [0][-]{toc.0}{\376\377\000\315\000n\000d\000i\000c\000e}{}% 2
\BOOKMARK [0][-]{section*.8}{\376\377\000L\000i\000s\000t\000a\000\040\000d\000e\000\040\000f\000i\000g\000u\000r\000a\000s}{}% 3
\BOOKMARK [0][-]{section*.9}{\376\377\000L\000i\000s\000t\000a\000\040\000d\000e\000\040\000c\000u\000a\000d\000r\000o\000s}{}% 4
\BOOKMARK [0][-]{section*.10}{\376\377\000R\000e\000s\000u\000m\000e\000n}{}% 5
\BOOKMARK [0][-]{section*.11}{\376\377\000A\000b\000s\000t\000r\000a\000c\000t}{}% 6
\BOOKMARK [0][-]{chapter.12}{\376\377\000I\000n\000t\000r\000o\000d\000u\000c\000c\000i\000\363\000n}{}% 7
\BOOKMARK [0][-]{chapter.13}{\376\377\000A\000n\000t\000e\000c\000e\000d\000e\000n\000t\000e\000s}{}% 8
\BOOKMARK [0][-]{chapter.31}{\376\377\000J\000u\000s\000t\000i\000f\000i\000c\000a\000c\000i\000\363\000n}{}% 9
\BOOKMARK [0][-]{chapter.32}{\376\377\000O\000b\000j\000e\000t\000i\000v\000o\000s}{}% 10
\BOOKMARK [0][-]{chapter.35}{\376\377\000A\000l\000c\000a\000n\000c\000e}{}% 11
\BOOKMARK [0][-]{chapter.36}{\376\377\000M\000a\000r\000c\000o\000\040\000t\000e\000\363\000r\000i\000c\000o}{}% 12
\BOOKMARK [0][-]{chapter.67}{\376\377\000S\000e\000l\000e\000c\000c\000i\000\363\000n\000\040\000d\000e\000\040\000h\000a\000r\000d\000w\000a\000r\000e}{}% 13
\BOOKMARK [0][-]{chapter.68}{\376\377\000A\000j\000u\000s\000t\000e\000\040\000d\000e\000\040\000s\000o\000f\000t\000w\000a\000r\000e\000\040\000y\000\040\000a\000l\000g\000o\000r\000i\000t\000m\000o\000s}{}% 14
\BOOKMARK [0][-]{chapter.69}{\376\377\000A\000l\000g\000o\000r\000i\000t\000m\000o\000\040\000d\000e\000\040\000t\000r\000a\000d\000u\000c\000c\000i\000\363\000n}{}% 15
\BOOKMARK [0][-]{chapter.70}{\376\377\000S\000i\000m\000u\000l\000a\000c\000i\000o\000n\000e\000s}{}% 16
\BOOKMARK [0][-]{chapter.71}{\376\377\000P\000r\000u\000e\000b\000a\000s\000\040\000f\000\355\000s\000i\000c\000a\000s}{}% 17
\BOOKMARK [0][-]{chapter.72}{\376\377\000C\000o\000n\000c\000l\000u\000s\000i\000o\000n\000e\000s}{}% 18
\BOOKMARK [0][-]{chapter.73}{\376\377\000R\000e\000c\000o\000m\000e\000n\000d\000a\000c\000i\000o\000n\000e\000s}{}% 19
\BOOKMARK [0][-]{chapter.75}{\376\377\000B\000i\000b\000l\000i\000o\000g\000r\000a\000f\000\355\000a}{}% 20
\BOOKMARK [0][-]{chapter.76}{\376\377\000A\000n\000e\000x\000o\000s}{}% 21
\BOOKMARK [1][-]{section.77}{\376\377\000h\000o\000l\000a\000\040\000m\000u\000n\000d\000o}{chapter.76}% 22
